[05-Jan-2016 17:39:32 Asia/Calcutta] PHP Fatal error:  Uncaught exception 'ScientiaMobile\WurflCloud\HttpClient\HttpException' with message 'Unable to contact server: cURL Error: Operation timed out after 1000 milliseconds with 0 bytes received' in C:\wamp\www\PortletPublish_php\preload\Store\plugin\wurfl\ScientiaMobile\WurflCloud\HttpClient\Curl.php:78
Stack trace:
#0 C:\wamp\www\PortletPublish_php\preload\Store\plugin\wurfl\ScientiaMobile\WurflCloud\Client.php(308): ScientiaMobile\WurflCloud\HttpClient\Curl->call(Object(ScientiaMobile\WurflCloud\Config), '/v1/json/')
#1 C:\wamp\www\PortletPublish_php\preload\Store\plugin\wurfl\ScientiaMobile\WurflCloud\Client.php(165): ScientiaMobile\WurflCloud\Client->callWurflCloud()
#2 C:\wamp\www\PortletPublish_php\preload\Store\controller\device.class.php(103): ScientiaMobile\WurflCloud\Client->detectDevice(Array)
#3 C:\wamp\www\PortletPublish_php\preload\Store\controller\device.class.php(73): Store\Device\Device->getWurlInfoFromServer()
#4 C:\wamp\www\PortletPublish_php\preload\Store\controller\user.class.php(156): Store\ in C:\wamp\www\PortletPublish_php\preload\Store\plugin\wurfl\ScientiaMobile\WurflCloud\HttpClient\Curl.php on line 78
[05-Jan-2016 18:22:08 Asia/Calcutta] PHP Fatal error:  Uncaught exception 'ScientiaMobile\WurflCloud\HttpClient\HttpException' with message 'Unable to contact server: cURL Error: Resolving timed out after 1516 milliseconds' in C:\wamp\www\PortletPublish_php\preload\Store\plugin\wurfl\ScientiaMobile\WurflCloud\HttpClient\Curl.php:78
Stack trace:
#0 C:\wamp\www\PortletPublish_php\preload\Store\plugin\wurfl\ScientiaMobile\WurflCloud\Client.php(308): ScientiaMobile\WurflCloud\HttpClient\Curl->call(Object(ScientiaMobile\WurflCloud\Config), '/v1/json/')
#1 C:\wamp\www\PortletPublish_php\preload\Store\plugin\wurfl\ScientiaMobile\WurflCloud\Client.php(165): ScientiaMobile\WurflCloud\Client->callWurflCloud()
#2 C:\wamp\www\PortletPublish_php\preload\Store\controller\device.class.php(103): ScientiaMobile\WurflCloud\Client->detectDevice(Array)
#3 C:\wamp\www\PortletPublish_php\preload\Store\controller\device.class.php(73): Store\Device\Device->getWurlInfoFromServer()
#4 C:\wamp\www\PortletPublish_php\preload\Store\controller\user.class.php(156): Store\Device\Device->__const in C:\wamp\www\PortletPublish_php\preload\Store\plugin\wurfl\ScientiaMobile\WurflCloud\HttpClient\Curl.php on line 78
[06-Jan-2016 10:41:05 Asia/Calcutta] PHP Fatal error:  Uncaught exception 'ScientiaMobile\WurflCloud\HttpClient\HttpException' with message 'Unable to contact server: cURL Error: Operation timed out after 1000 milliseconds with 0 bytes received' in C:\wamp\www\PortletPublish_php\preload\Store\plugin\wurfl\ScientiaMobile\WurflCloud\HttpClient\Curl.php:78
Stack trace:
#0 C:\wamp\www\PortletPublish_php\preload\Store\plugin\wurfl\ScientiaMobile\WurflCloud\Client.php(308): ScientiaMobile\WurflCloud\HttpClient\Curl->call(Object(ScientiaMobile\WurflCloud\Config), '/v1/json/')
#1 C:\wamp\www\PortletPublish_php\preload\Store\plugin\wurfl\ScientiaMobile\WurflCloud\Client.php(165): ScientiaMobile\WurflCloud\Client->callWurflCloud()
#2 C:\wamp\www\PortletPublish_php\preload\Store\controller\device.class.php(103): ScientiaMobile\WurflCloud\Client->detectDevice(Array)
#3 C:\wamp\www\PortletPublish_php\preload\Store\controller\device.class.php(73): Store\Device\Device->getWurlInfoFromServer()
#4 C:\wamp\www\PortletPublish_php\preload\Store\controller\user.class.php(156): Store\ in C:\wamp\www\PortletPublish_php\preload\Store\plugin\wurfl\ScientiaMobile\WurflCloud\HttpClient\Curl.php on line 78
[06-Jan-2016 10:58:00 Asia/Calcutta] PHP Fatal error:  Uncaught exception 'ScientiaMobile\WurflCloud\HttpClient\HttpException' with message 'Unable to contact server: cURL Error: Connection timed out after 1000 milliseconds' in C:\wamp\www\PortletPublish_php\preload\Store\plugin\wurfl\ScientiaMobile\WurflCloud\HttpClient\Curl.php:78
Stack trace:
#0 C:\wamp\www\PortletPublish_php\preload\Store\plugin\wurfl\ScientiaMobile\WurflCloud\Client.php(308): ScientiaMobile\WurflCloud\HttpClient\Curl->call(Object(ScientiaMobile\WurflCloud\Config), '/v1/json/')
#1 C:\wamp\www\PortletPublish_php\preload\Store\plugin\wurfl\ScientiaMobile\WurflCloud\Client.php(165): ScientiaMobile\WurflCloud\Client->callWurflCloud()
#2 C:\wamp\www\PortletPublish_php\preload\Store\controller\device.class.php(103): ScientiaMobile\WurflCloud\Client->detectDevice(Array)
#3 C:\wamp\www\PortletPublish_php\preload\Store\controller\device.class.php(73): Store\Device\Device->getWurlInfoFromServer()
#4 C:\wamp\www\PortletPublish_php\preload\Store\controller\user.class.php(156): Store\Device\Device->__cons in C:\wamp\www\PortletPublish_php\preload\Store\plugin\wurfl\ScientiaMobile\WurflCloud\HttpClient\Curl.php on line 78
